<?xml version="1.0" encoding="UTF-8"?>
<testsuite xmlns:xsi="http://www.w3.org/2001/XMLSchema-instance" xsi:noNamespaceSchemaLocation="https://maven.apache.org/surefire/maven-surefire-plugin/xsd/surefire-test-report-3.0.xsd" version="3.0" name="com.example.backend.BackendApplicationTests" time="46.325" tests="1" errors="0" skipped="0" failures="0">
  <properties>
[...]
</properties>
  <testcase name="contextLoads" classname="com.example.backend.BackendApplicationTests" time="3.016">
    <system-out><![CDATA[00:52:49.872 [main] INFO org.springframework.test.context.support.AnnotationConfigContextLoaderUtils -- Could not detect default configuration classes for test class [com.example.backend.BackendApplicationTests]: BackendApplicationTests does not declare any static, non-private, non-final, nested classes annotated with @Configuration.
00:52:50.389 [main] INFO org.springframework.boot.test.context.SpringBootTestContextBootstrapper -- Found @SpringBootConfiguration com.example.backend.BackendApplication for test class com.example.backend.BackendApplicationTests

  .   ____          _            __ _ _
 /\\ / ___'_ __ _ _(_)_ __  __ _ \ \ \ \
( ( )\___ | '_ | '_| | '_ \/ _` | \ \ \ \
 \\/  ___)| |_)| | | | | || (_| |  ) ) ) )
  '  |____| .__|_| |_|_| |_\__, | / / / /
 =========|_|==============|___/=/_/_/_/
 :: Spring Boot ::                (v3.2.2)

2025-04-22T00:52:53.189+05:30  INFO 7840 --- [backend] [           main] c.e.backend.BackendApplicationTests      : Starting BackendApplicationTests using Java 21.0.6 with PID 7840 (started by Dell in C:\Users\Dell\Downloads\stockportfolio-main\stocksaksith\backend)
2025-04-22T00:52:53.196+05:30  INFO 7840 --- [backend] [           main] c.e.backend.BackendApplicationTests      : No active profile set, falling back to 1 default profile: "default"
2025-04-22T00:52:58.491+05:30  INFO 7840 --- [backend] [           main] .s.d.r.c.RepositoryConfigurationDelegate : Bootstrapping Spring Data JPA repositories in DEFAULT mode.
2025-04-22T00:52:58.985+05:30  INFO 7840 --- [backend] [           main] .s.d.r.c.RepositoryConfigurationDelegate : Finished Spring Data repository scanning in 438 ms. Found 4 JPA repository interfaces.
2025-04-22T00:53:02.032+05:30  INFO 7840 --- [backend] [           main] o.hibernate.jpa.internal.util.LogHelper  : HHH000204: Processing PersistenceUnitInfo [name: default]
2025-04-22T00:53:02.516+05:30  INFO 7840 --- [backend] [           main] org.hibernate.Version                    : HHH000412: Hibernate ORM core version 6.4.1.Final
2025-04-22T00:53:02.782+05:30  INFO 7840 --- [backend] [           main] o.h.c.internal.RegionFactoryInitiator    : HHH000026: Second-level cache disabled
2025-04-22T00:53:04.556+05:30  INFO 7840 --- [backend] [           main] o.s.o.j.p.SpringPersistenceUnitInfo      : No LoadTimeWeaver setup: ignoring JPA class transformer
2025-04-22T00:53:04.795+05:30  INFO 7840 --- [backend] [           main] com.zaxxer.hikari.HikariDataSource       : HikariPool-1 - Starting...
2025-04-22T00:53:07.448+05:30  INFO 7840 --- [backend] [           main] com.zaxxer.hikari.pool.HikariPool        : HikariPool-1 - Added connection conn0: url=jdbc:h2:file:./data/stockdb user=SA
2025-04-22T00:53:07.467+05:30  INFO 7840 --- [backend] [           main] com.zaxxer.hikari.HikariDataSource       : HikariPool-1 - Start completed.
2025-04-22T00:53:08.289+05:30  WARN 7840 --- [backend] [           main] org.hibernate.orm.deprecation            : HHH90000025: H2Dialect does not need to be specified explicitly using 'hibernate.dialect' (remove the property setting and it will be selected by default)
2025-04-22T00:53:17.810+05:30  INFO 7840 --- [backend] [           main] o.h.e.t.j.p.i.JtaPlatformInitiator       : HHH000489: No JTA platform available (set 'hibernate.transaction.jta.platform' to enable JTA platform integration)
Hibernate: create table _user (id bigint generated by default as identity, balance float(53) not null, email varchar(255), mobile_no varchar(255), name varchar(255), password varchar(255), role varchar(255), primary key (id))
Hibernate: create table holdings (id bigint generated by default as identity, average_price float(53) not null, quantity float(53) not null, stock_symbol varchar(255), user_id bigint, primary key (id))
Hibernate: create table transaction (id bigint generated by default as identity, price float(53) not null, quantity float(53) not null, stock_symbol varchar(255), timestamp timestamp(6), total float(53) not null, type varchar(255), user_id bigint, primary key (id))
Hibernate: create table watch_list (id bigint generated by default as identity, name varchar(255), user_id bigint, primary key (id))
Hibernate: create table watch_list_stock_symbols (watch_list_id bigint not null, stock_symbols varchar(255))
Hibernate: alter table if exists holdings add constraint FKrxpr1tv1a3m7y7ptq57col651 foreign key (user_id) references _user
Hibernate: alter table if exists transaction add constraint FKh6gptwbv2pjrtwqbrpdvxos11 foreign key (user_id) references _user
Hibernate: alter table if exists watch_list add constraint FK5fhv01my7w0he4ew92a66im9u foreign key (user_id) references _user
Hibernate: alter table if exists watch_list_stock_symbols add constraint FK2sjoud6ih1q6efq4n41efbl5f foreign key (watch_list_id) references watch_list
2025-04-22T00:53:18.411+05:30  INFO 7840 --- [backend] [           main] j.LocalContainerEntityManagerFactoryBean : Initialized JPA EntityManagerFactory for persistence unit 'default'
Hibernate: select u1_0.id,u1_0.balance,u1_0.email,u1_0.mobile_no,u1_0.name,u1_0.password,u1_0.role from _user u1_0 where u1_0.email=?
Hibernate: insert into _user (balance,email,mobile_no,name,password,role,id) values (?,?,?,?,?,?,default)
2025-04-22T00:53:26.900+05:30  WARN 7840 --- [backend] [           main] JpaBaseConfiguration$JpaWebConfiguration : spring.jpa.open-in-view is enabled by default. Therefore, database queries may be performed during view rendering. Explicitly configure spring.jpa.open-in-view to disable this warning
2025-04-22T00:53:29.855+05:30  INFO 7840 --- [backend] [           main] o.s.s.web.DefaultSecurityFilterChain     : Will secure any request with [org.springframework.security.web.session.DisableEncodeUrlFilter@37289e90, org.springframework.security.web.context.request.async.WebAsyncManagerIntegrationFilter@f461c9c, org.springframework.security.web.context.SecurityContextHolderFilter@2a3c3a04, org.springframework.security.web.header.HeaderWriterFilter@71eead09, org.springframework.web.filter.CorsFilter@40477d52, org.springframework.security.web.authentication.logout.LogoutFilter@32f243f, com.example.backend.config.JwtAuthenticationFilter@2e76d0d3, org.springframework.security.web.savedrequest.RequestCacheAwareFilter@4628f386, org.springframework.security.web.servletapi.SecurityContextHolderAwareRequestFilter@38224635, org.springframework.security.web.authentication.AnonymousAuthenticationFilter@2a1be9f8, org.springframework.security.web.session.SessionManagementFilter@366c9912, org.springframework.security.web.access.ExceptionTranslationFilter@f5314bc, org.springframework.security.web.access.intercept.AuthorizationFilter@18baee88]
2025-04-22T00:53:31.297+05:30  INFO 7840 --- [backend] [           main] o.s.b.a.h2.H2ConsoleAutoConfiguration    : H2 console available at '/h2-console'. Database available at 'jdbc:h2:file:./data/stockdb'
2025-04-22T00:53:31.863+05:30  INFO 7840 --- [backend] [           main] c.e.backend.BackendApplicationTests      : Started BackendApplicationTests in 40.652 seconds (process running for 47.13)
]]></system-out>
    <system-err><![CDATA[WARNING: A Java agent has been loaded dynamically (C:\Users\Dell\.m2\repository\net\bytebuddy\byte-buddy-agent\1.14.11\byte-buddy-agent-1.14.11.jar)
WARNING: If a serviceability tool is in use, please run with -XX:+EnableDynamicAgentLoading to hide this warning
WARNING: If a serviceability tool is not in use, please run with -Djdk.instrument.traceUsage for more information
WARNING: Dynamic loading of agents will be disallowed by default in a future release
]]></system-err>
  </testcase>
</testsuite>